  AuthenticationMain.cpp
  protobuf.pb.cc
C:\College Stuff\Code\Network_Programming\Project2\Networking_Project2\Networking_project2\AuthenticationServer\AuthenticationMain.cpp(88,1): warning C4326: return type of 'main' should be 'int' instead of 'void'
C:\College Stuff\Code\Network_Programming\Project2\Networking_Project2\Networking_project2\AuthenticationServer\protobuf.pb.cc(437,69): warning C4244: '=': conversion from 'google::protobuf::uint64' to 'google::protobuf::int32', possible loss of data
C:\College Stuff\Code\Network_Programming\Project2\Networking_Project2\Networking_project2\AuthenticationServer\protobuf.pb.cc(736,69): warning C4244: '=': conversion from 'google::protobuf::uint64' to 'google::protobuf::int32', possible loss of data
C:\College Stuff\Code\Network_Programming\Project2\Networking_Project2\Networking_project2\AuthenticationServer\protobuf.pb.cc(744,66): warning C4244: '=': conversion from 'google::protobuf::uint64' to 'google::protobuf::int32', possible loss of data
C:\College Stuff\Code\Network_Programming\Project2\Networking_Project2\Networking_project2\AuthenticationServer\protobuf.pb.cc(983,69): warning C4244: '=': conversion from 'google::protobuf::uint64' to 'google::protobuf::int32', possible loss of data
C:\College Stuff\Code\Network_Programming\Project2\Networking_Project2\Networking_project2\AuthenticationServer\protobuf.pb.cc(1208,69): warning C4244: '=': conversion from 'google::protobuf::uint64' to 'google::protobuf::int32', possible loss of data
C:\College Stuff\Code\Network_Programming\Project2\Networking_Project2\Networking_project2\AuthenticationServer\protobuf.pb.cc(1520,69): warning C4244: '=': conversion from 'google::protobuf::uint64' to 'google::protobuf::int32', possible loss of data
C:\College Stuff\Code\Network_Programming\Project2\Networking_Project2\Networking_project2\AuthenticationServer\protobuf.pb.cc(1528,66): warning C4244: '=': conversion from 'google::protobuf::uint64' to 'google::protobuf::int32', possible loss of data
C:\College Stuff\Code\Network_Programming\Project2\Networking_Project2\Networking_project2\AuthenticationServer\protobuf.pb.cc(1802,69): warning C4244: '=': conversion from 'google::protobuf::uint64' to 'google::protobuf::int32', possible loss of data
C:\College Stuff\Code\Network_Programming\Project2\Networking_Project2\Networking_project2\AuthenticationServer\protobuf.pb.cc(1997,5): warning C4065: switch statement contains 'default' but no 'case' labels
C:\College Stuff\Code\Network_Programming\Project2\Networking_Project2\Networking_project2\AuthenticationServer\dev\include\google\protobuf\has_bits.h(73,1): warning C4267: 'argument': conversion from 'size_t' to 'int', possible loss of data
C:\College Stuff\Code\Network_Programming\Project2\Networking_Project2\Networking_project2\AuthenticationServer\dev\include\google\protobuf\has_bits.h(72): message : while compiling class template member function 'void google::protobuf::internal::HasBits<1>::Or(const google::protobuf::internal::HasBits<1> &)'
C:\College Stuff\Code\Network_Programming\Project2\Networking_Project2\Networking_project2\AuthenticationServer\protobuf.pb.cc(468): message : see reference to function template instantiation 'void google::protobuf::internal::HasBits<1>::Or(const google::protobuf::internal::HasBits<1> &)' being compiled
C:\College Stuff\Code\Network_Programming\Project2\Networking_Project2\Networking_project2\AuthenticationServer\dev\include\google\protobuf\has_bits.h(83): message : see reference to class template instantiation 'google::protobuf::internal::HasBits<1>' being compiled
C:\Program Files (x86)\Microsoft Visual Studio\2019\Enterprise\VC\Tools\MSVC\14.23.28105\include\chrono(669): message : see reference to class template instantiation 'std::chrono::duration<double,std::ratio<1,1>>' being compiled
C:\Program Files (x86)\Microsoft Visual Studio\2019\Enterprise\VC\Tools\MSVC\14.23.28105\include\chrono(177): message : see reference to class template instantiation 'std::chrono::duration<__int64,std::nano>' being compiled
  protocol.pb.cc
C:\Program Files (x86)\Microsoft Visual Studio\2019\Enterprise\VC\Tools\MSVC\14.23.28105\include\chrono(647): message : see reference to class template instantiation 'std::chrono::time_point<std::chrono::steady_clock,std::chrono::steady_clock::duration>' being compiled
C:\College Stuff\Code\Network_Programming\Project2\Networking_Project2\Networking_project2\AuthenticationServer\protocol.pb.cc(278,69): warning C4244: '=': conversion from 'google::protobuf::uint64' to 'google::protobuf::int32', possible loss of data
C:\College Stuff\Code\Network_Programming\Project2\Networking_Project2\Networking_project2\AuthenticationServer\protocol.pb.cc(300,66): warning C4244: '=': conversion from 'google::protobuf::uint64' to 'google::protobuf::int32', possible loss of data
C:\College Stuff\Code\Network_Programming\Project2\Networking_Project2\Networking_project2\AuthenticationServer\protocol.pb.cc(316,15): warning C4244: 'argument': conversion from 'google::protobuf::uint64' to 'int', possible loss of data
C:\College Stuff\Code\Network_Programming\Project2\Networking_Project2\Networking_project2\AuthenticationServer\protocol.pb.cc(328,15): warning C4244: 'argument': conversion from 'google::protobuf::uint64' to 'int', possible loss of data
C:\College Stuff\Code\Network_Programming\Project2\Networking_Project2\Networking_project2\AuthenticationServer\dev\include\google\protobuf\has_bits.h(73,1): warning C4267: 'argument': conversion from 'size_t' to 'int', possible loss of data
C:\College Stuff\Code\Network_Programming\Project2\Networking_Project2\Networking_project2\AuthenticationServer\dev\include\google\protobuf\has_bits.h(72): message : while compiling class template member function 'void google::protobuf::internal::HasBits<1>::Or(const google::protobuf::internal::HasBits<1> &)'
C:\College Stuff\Code\Network_Programming\Project2\Networking_Project2\Networking_project2\AuthenticationServer\protocol.pb.cc(348): message : see reference to function template instantiation 'void google::protobuf::internal::HasBits<1>::Or(const google::protobuf::internal::HasBits<1> &)' being compiled
C:\College Stuff\Code\Network_Programming\Project2\Networking_Project2\Networking_project2\AuthenticationServer\dev\include\google\protobuf\has_bits.h(83): message : see reference to class template instantiation 'google::protobuf::internal::HasBits<1>' being compiled
C:\Program Files (x86)\Microsoft Visual Studio\2019\Enterprise\VC\Tools\MSVC\14.23.28105\include\chrono(669): message : see reference to class template instantiation 'std::chrono::duration<double,std::ratio<1,1>>' being compiled
C:\Program Files (x86)\Microsoft Visual Studio\2019\Enterprise\VC\Tools\MSVC\14.23.28105\include\chrono(177): message : see reference to class template instantiation 'std::chrono::duration<__int64,std::nano>' being compiled
  sha256.cpp
C:\Program Files (x86)\Microsoft Visual Studio\2019\Enterprise\VC\Tools\MSVC\14.23.28105\include\chrono(647): message : see reference to class template instantiation 'std::chrono::time_point<std::chrono::steady_clock,std::chrono::steady_clock::duration>' being compiled
  Generating code
  Previous IPDB not found, fall back to full compilation.
  All 917 functions were compiled because no usable IPDB/IOBJ from previous compilation was found.
  Finished generating code
  AuthenticationServer.vcxproj -> C:\College Stuff\Code\Network_Programming\Project2\Networking_Project2\Networking_project2\x64\Release\AuthenticationServer.exe
