  ServerMain.cpp
C:\College Stuff\Code\Network_Programming\Project2\Networking_Project2\Networking_project2\ChatRoomServer\ServerMain.cpp(97,1): warning C4326: return type of 'main' should be 'int' instead of 'void'
C:\College Stuff\Code\Network_Programming\Project2\Networking_Project2\Networking_project2\ChatRoomServer\ServerMain.cpp(131,7): warning C4101: 'result': unreferenced local variable
C:\College Stuff\Code\Network_Programming\Project2\Networking_Project2\Networking_project2\ChatRoomServer\ServerMain.cpp(311,9): warning C4477: 'printf' : format string '%d' requires an argument of type 'int', but variadic argument 1 has type 'SOCKET'
C:\College Stuff\Code\Network_Programming\Project2\Networking_Project2\Networking_project2\ChatRoomServer\ServerMain.cpp(311,9): message : consider using '%lld' in the format string
C:\College Stuff\Code\Network_Programming\Project2\Networking_Project2\Networking_project2\ChatRoomServer\ServerMain.cpp(311,9): message : consider using '%Id' in the format string
C:\College Stuff\Code\Network_Programming\Project2\Networking_Project2\Networking_project2\ChatRoomServer\ServerMain.cpp(311,9): message : consider using '%I64d' in the format string
C:\College Stuff\Code\Network_Programming\Project2\Networking_Project2\Networking_project2\ChatRoomServer\ServerMain.cpp(319,9): warning C4477: 'printf' : format string '%d' requires an argument of type 'int', but variadic argument 1 has type 'SOCKET'
C:\College Stuff\Code\Network_Programming\Project2\Networking_Project2\Networking_project2\ChatRoomServer\ServerMain.cpp(319,9): message : consider using '%lld' in the format string
C:\College Stuff\Code\Network_Programming\Project2\Networking_Project2\Networking_project2\ChatRoomServer\ServerMain.cpp(319,9): message : consider using '%Id' in the format string
C:\College Stuff\Code\Network_Programming\Project2\Networking_Project2\Networking_project2\ChatRoomServer\ServerMain.cpp(319,9): message : consider using '%I64d' in the format string
C:\College Stuff\Code\Network_Programming\Project2\Networking_Project2\Networking_project2\ChatRoomServer\ServerMain.cpp(455,27): warning C4244: 'argument': conversion from 'SOCKET' to 'google::protobuf::int32', possible loss of data
C:\College Stuff\Code\Network_Programming\Project2\Networking_Project2\Networking_project2\ChatRoomServer\ServerMain.cpp(488,27): warning C4244: 'argument': conversion from 'SOCKET' to 'google::protobuf::int32', possible loss of data
C:\College Stuff\Code\Network_Programming\Project2\Networking_Project2\Networking_project2\ChatRoomServer\ServerMain.cpp(524,30): warning C4267: 'initializing': conversion from 'size_t' to 'int', possible loss of data
C:\College Stuff\Code\Network_Programming\Project2\Networking_Project2\Networking_project2\ChatRoomServer\ServerMain.cpp(525,33): warning C4267: 'initializing': conversion from 'size_t' to 'int', possible loss of data
C:\College Stuff\Code\Network_Programming\Project2\Networking_Project2\Networking_project2\ChatRoomServer\ServerMain.cpp(531,38): warning C4267: 'argument': conversion from 'size_t' to 'int', possible loss of data
C:\College Stuff\Code\Network_Programming\Project2\Networking_Project2\Networking_project2\ChatRoomServer\ServerMain.cpp(533,38): warning C4267: 'argument': conversion from 'size_t' to 'int', possible loss of data
  Generating code
  2 of 1143 functions ( 0.2%) were compiled, the rest were copied from previous compilation.
    0 functions were new in current compilation
    6 functions had inline decision re-evaluated but remain unchanged
  Finished generating code
  ChatRoomServer.vcxproj -> C:\College Stuff\Code\Network_Programming\Project2\Networking_Project2\Networking_project2\x64\Release\ChatRoomServer.exe
